<?xml version="1.0" encoding="UTF-8"?>
<!-- Generated by org.testng.reporters.JUnitReportReporter -->
<testsuite skipped="0" hostname="DESKTOP-L7AGLPD" name="goodReads.testVagrant.GetBooksByAuthor" tests="1" failures="0" timestamp="26 May 2020 12:12:29 GMT" time="3.911" errors="0">
  <testcase name="byAuthor" time="3.911" classname="goodReads.testVagrant.GetBooksByAuthor"/>
</testsuite> <!-- goodReads.testVagrant.GetBooksByAuthor -->
