<?xml version="1.0" encoding="UTF-8"?>
<!-- Generated by org.testng.reporters.JUnitReportReporter -->
<testsuite skipped="0" hostname="DESKTOP-L7AGLPD" name="goodReads.testVagrant.GetBooks" tests="1" failures="0" timestamp="26 May 2020 03:24:28 GMT" time="3.815" errors="0">
  <testcase name="ByAuthor" time="3.815" classname="goodReads.testVagrant.GetBooks"/>
</testsuite> <!-- goodReads.testVagrant.GetBooks -->
