<?xml version="1.0" encoding="UTF-8"?>
<!-- Generated by org.testng.reporters.JUnitReportReporter -->
<testsuite skipped="0" hostname="DESKTOP-L7AGLPD" name="goodReads.testVagrant.GetBooksByAuthor" tests="2" failures="0" timestamp="27 May 2020 17:12:41 GMT" time="5.127" errors="0">
  <testcase name="byAuthor" time="3.661" classname="goodReads.testVagrant.GetBooksByAuthor"/>
  <testcase name="byAuthor" time="1.466" classname="goodReads.testVagrant.GetBooksByAuthor"/>
</testsuite> <!-- goodReads.testVagrant.GetBooksByAuthor -->
